This file contains any messages produced by compilers while
running configure, to aid debugging if configure makes a mistake.

It was created by configure, which was
generated by GNU Autoconf 2.72.  Invocation command line was

  $ ./configure --enable-qail

## --------- ##
## Platform. ##
## --------- ##

hostname = Vivid-astral-2.local
uname -m = arm64
uname -r = 25.1.0
uname -s = Darwin
uname -v = Darwin Kernel Version 25.1.0: Mon Oct 20 19:33:36 PDT 2025; root:xnu-12377.41.6~2/RELEASE_ARM64_T6030

/usr/bin/uname -p = arm
/bin/uname -X     = unknown

/bin/arch              = unknown
/usr/bin/arch -k       = unknown
/usr/convex/getsysinfo = unknown
/usr/bin/hostinfo      = Mach kernel version:
	 Darwin Kernel Version 25.1.0: Mon Oct 20 19:33:36 PDT 2025; root:xnu-12377.41.6~2/RELEASE_ARM64_T6030
Kernel configured for up to 11 processors.
11 processors are physically available.
11 processors are logically available.
Processor type: arm64e (ARM64E)
Processors active: 0 1 2 3 4 5 6 7 8 9 10
Primary memory available: 18.00 gigabytes
Default processor set: 623 tasks, 4322 threads, 11 processors
Load average: 3.02, Mach factor: 7.97
/bin/machine           = unknown
/usr/bin/oslevel       = unknown
/bin/universe          = unknown

PATH: /Users/orion/.antigravity/antigravity/bin/
PATH: /Users/orion/.codeium/windsurf/bin/
PATH: /Users/orion/.nvm/versions/node/v20.19.0/bin/
PATH: /opt/homebrew/bin/
PATH: /opt/homebrew/sbin/
PATH: /usr/local/bin/
PATH: /System/Cryptexes/App/usr/bin/
PATH: /usr/bin/
PATH: /bin/
PATH: /usr/sbin/
PATH: /sbin/
PATH: /var/run/com.apple.security.cryptexd/codex.system/bootstrap/usr/local/bin/
PATH: /var/run/com.apple.security.cryptexd/codex.system/bootstrap/usr/bin/
PATH: /var/run/com.apple.security.cryptexd/codex.system/bootstrap/usr/appleinternal/bin/
PATH: /opt/pmk/env/global/bin/
PATH: /Library/Apple/usr/bin/
PATH: /usr/local/go/bin/
PATH: /Users/orion/.antigravity/antigravity/bin/
PATH: /Users/orion/.codeium/windsurf/bin/
PATH: /Users/orion/.nvm/versions/node/v20.19.0/bin/
PATH: /Users/orion/.cargo/bin/
PATH: /Users/orion/chef/engine.sailtix.com/scripts/
PATH: /Users/orion/.antigravity/extensions/ms-python.debugpy-2025.18.0-darwin-arm64/bundled/scripts/noConfigScripts/
PATH: /Users/orion/chef/engine.sailtix.com/scripts/


## ----------- ##
## Core tests. ##
## ----------- ##

configure:2506: looking for aux files: config.guess config.sub
configure:2519:  trying ./build/
configure:2548:   ./build/config.guess found
configure:2548:   ./build/config.sub found
configure:2666: checking for grep that handles long lines and -e
configure:2732: result: /usr/bin/grep
configure:2737: checking for egrep
configure:2807: result: /usr/bin/grep -E
configure:2814: checking for a sed that does not truncate output
configure:2886: result: /usr/bin/sed
configure:2963: checking build system type
configure:2979: result: aarch64-apple-darwin25.1.0
configure:2999: checking host system type
configure:3014: result: aarch64-apple-darwin25.1.0
configure:3034: checking target system type
configure:3049: result: aarch64-apple-darwin25.1.0
configure:3101: checking for gawk
configure:3138: result: no
configure:3101: checking for nawk
configure:3138: result: no
configure:3101: checking for awk
configure:3123: found /usr/bin/awk
configure:3135: result: awk
configure:3157: checking if awk is broken
configure:3167: result: no
configure:3243: checking for pkg-config
configure:3282: result: no
configure:3384: checking for cc
configure:3405: found /usr/bin/cc
configure:3417: result: cc
configure:3448: checking for C compiler version
configure:3457: cc --version >&5
Apple clang version 17.0.0 (clang-1700.6.3.2)
Target: arm64-apple-darwin25.1.0
Thread model: posix
InstalledDir: /Applications/Xcode.app/Contents/Developer/Toolchains/XcodeDefault.xctoolchain/usr/bin
configure:3468: $? = 0
configure:3457: cc -v >&5
Apple clang version 17.0.0 (clang-1700.6.3.2)
Target: arm64-apple-darwin25.1.0
Thread model: posix
InstalledDir: /Applications/Xcode.app/Contents/Developer/Toolchains/XcodeDefault.xctoolchain/usr/bin
configure:3468: $? = 0
configure:3457: cc -V >&5
clang: error: argument to '-V' is missing (expected 1 value)
clang: error: no input files
configure:3468: $? = 1
configure:3457: cc -qversion >&5
clang: error: unknown argument '-qversion'; did you mean '--version'?
clang: error: no input files
configure:3468: $? = 1
configure:3457: cc -version >&5
clang: error: unknown argument '-version'; did you mean '--version'?
clang: error: no input files
configure:3468: $? = 1
configure:3488: checking whether the C compiler works
configure:3510: cc    conftest.c  >&5
configure:3514: $? = 0
configure:3565: result: yes
configure:3569: checking for C compiler default output file name
configure:3571: result: a.out
configure:3577: checking for suffix of executables
configure:3584: cc -o conftest    conftest.c  >&5
configure:3588: $? = 0
configure:3612: result: 
configure:3636: checking whether we are cross compiling
configure:3644: cc -o conftest    conftest.c  >&5
configure:3648: $? = 0
configure:3655: ./conftest
configure:3659: $? = 0
configure:3674: result: no
configure:3680: checking for suffix of object files
configure:3703: cc -c   conftest.c >&5
configure:3707: $? = 0
configure:3731: result: o
configure:3735: checking whether the compiler supports GNU C
configure:3755: cc -c   conftest.c >&5
configure:3755: $? = 0
configure:3767: result: yes
configure:3778: checking whether cc accepts -g
configure:3799: cc -c -g  conftest.c >&5
configure:3799: $? = 0
configure:3846: result: yes
configure:3866: checking for cc option to enable C11 features
configure:3881: cc  -c -g -O2  conftest.c >&5
configure:3881: $? = 0
configure:3900: result: none needed
configure:4024: checking how to run the C preprocessor
configure:4050: cc -E  conftest.c
configure:4050: $? = 0
configure:4066: cc -E  conftest.c
conftest.c:9:10: fatal error: 'ac_nonexistent.h' file not found
    9 | #include <ac_nonexistent.h>
      |          ^~~~~~~~~~~~~~~~~~
1 error generated.
configure:4066: $? = 1
configure: failed program was:
| /* confdefs.h */
| #define PACKAGE_NAME ""
| #define PACKAGE_TARNAME ""
| #define PACKAGE_VERSION ""
| #define PACKAGE_STRING ""
| #define PACKAGE_BUGREPORT ""
| #define PACKAGE_URL ""
| /* end confdefs.h.  */
| #include <ac_nonexistent.h>
configure:4095: result: cc -E
configure:4109: cc -E  conftest.c
configure:4109: $? = 0
configure:4125: cc -E  conftest.c
conftest.c:9:10: fatal error: 'ac_nonexistent.h' file not found
    9 | #include <ac_nonexistent.h>
      |          ^~~~~~~~~~~~~~~~~~
1 error generated.
configure:4125: $? = 1
configure: failed program was:
| /* confdefs.h */
| #define PACKAGE_NAME ""
| #define PACKAGE_TARNAME ""
| #define PACKAGE_VERSION ""
| #define PACKAGE_STRING ""
| #define PACKAGE_BUGREPORT ""
| #define PACKAGE_URL ""
| /* end confdefs.h.  */
| #include <ac_nonexistent.h>
configure:4158: checking for egrep -e
configure:4288: result: /usr/bin/grep -E
configure:4294: checking for icc
configure:4304: result: no
configure:4319: checking for suncc
configure:4329: result: no
configure:4348: checking for system library directory
configure:4365: result: lib
configure:4372: checking if compiler supports -Wl,-rpath,
configure:4392: cc -o conftest -g -O2   conftest.c -Wl,-rpath,/usr/lib  >&5
configure:4392: $? = 0
configure:4405: result: yes
configure:4529: checking for PHP prefix
configure:4531: result: /opt/homebrew/Cellar/php/8.4.14_1
configure:4533: checking for PHP includes
configure:4535: result: -I/opt/homebrew/Cellar/php/8.4.14_1/include/php -I/opt/homebrew/Cellar/php/8.4.14_1/include/php/main -I/opt/homebrew/Cellar/php/8.4.14_1/include/php/TSRM -I/opt/homebrew/Cellar/php/8.4.14_1/include/php/Zend -I/opt/homebrew/Cellar/php/8.4.14_1/include/php/ext -I/opt/homebrew/Cellar/php/8.4.14_1/include/php/ext/date/lib
configure:4537: checking for PHP extension directory
configure:4539: result: /opt/homebrew/Cellar/php/8.4.14_1/pecl/20240924
configure:4541: checking for PHP installed headers prefix
configure:4543: result: /opt/homebrew/Cellar/php/8.4.14_1/include/php
configure:4546: checking if debugging is enabled
configure:4570: result: no
configure:4573: checking if PHP is built with thread safety (ZTS)
configure:4597: result: no
configure:4674: result: 
configure:4676: result: [1mConfiguring extension[m
configure:4684: checking whether to enable QAIL support
configure:4725: result: yes, shared
configure:5196: result: 
configure:5198: result: [1mConfiguring libtool[m
configure:5286: checking for a sed that does not truncate output
configure:5342: result: /usr/bin/sed
configure:5358: checking for ld used by cc
configure:5427: result: /Applications/Xcode.app/Contents/Developer/Toolchains/XcodeDefault.xctoolchain/usr/bin/ld
configure:5434: checking if the linker (/Applications/Xcode.app/Contents/Developer/Toolchains/XcodeDefault.xctoolchain/usr/bin/ld) is GNU ld
configure:5451: result: no
configure:5456: checking for /Applications/Xcode.app/Contents/Developer/Toolchains/XcodeDefault.xctoolchain/usr/bin/ld option to reload object files
configure:5465: result: -r
configure:5483: checking for BSD-compatible nm
configure:5534: result: /usr/bin/nm -B
configure:5538: checking whether ln -s works
configure:5542: result: yes
configure:5549: checking how to recognize dependent libraries
configure:5737: result: pass_all
configure:5962: checking for stdio.h
configure:5962: cc -c -g -O2  conftest.c >&5
configure:5962: $? = 0
configure:5962: result: yes
configure:5962: checking for stdlib.h
configure:5962: cc -c -g -O2  conftest.c >&5
configure:5962: $? = 0
configure:5962: result: yes
configure:5962: checking for string.h
configure:5962: cc -c -g -O2  conftest.c >&5
configure:5962: $? = 0
configure:5962: result: yes
configure:5962: checking for inttypes.h
configure:5962: cc -c -g -O2  conftest.c >&5
configure:5962: $? = 0
configure:5962: result: yes
configure:5962: checking for stdint.h
configure:5962: cc -c -g -O2  conftest.c >&5
configure:5962: $? = 0
configure:5962: result: yes
configure:5962: checking for strings.h
configure:5962: cc -c -g -O2  conftest.c >&5
configure:5962: $? = 0
configure:5962: result: yes
configure:5962: checking for sys/stat.h
configure:5962: cc -c -g -O2  conftest.c >&5
configure:5962: $? = 0
configure:5962: result: yes
configure:5962: checking for sys/types.h
configure:5962: cc -c -g -O2  conftest.c >&5
configure:5962: $? = 0
configure:5962: result: yes
configure:5962: checking for unistd.h
configure:5962: cc -c -g -O2  conftest.c >&5
configure:5962: $? = 0
configure:5962: result: yes
configure:5987: checking for dlfcn.h
configure:5987: cc -c -g -O2  conftest.c >&5
configure:5987: $? = 0
configure:5987: result: yes
configure:6006: checking the maximum length of command line arguments
configure:6120: result: 786432
configure:6132: checking command to parse /usr/bin/nm -B output from cc object
configure:6238: cc -c -g -O2  conftest.c >&5
configure:6241: $? = 0
configure:6245: /usr/bin/nm -B conftest.o \| sed -n -e 's/^.*[ 	]\([ABCDGIRSTW][ABCDGIRSTW]*\)[ 	][ 	]*\([_A-Za-z][_A-Za-z0-9]*\)$/\1 \2 \2/p' \> conftest.nm
configure:6248: $? = 0
cannot find nm_test_var in conftest.nm
configure:6238: cc -c -g -O2  conftest.c >&5
configure:6241: $? = 0
configure:6245: /usr/bin/nm -B conftest.o \| sed -n -e 's/^.*[ 	]\([ABCDGIRSTW][ABCDGIRSTW]*\)[ 	][ 	]*_\([_A-Za-z][_A-Za-z0-9]*\)$/\1 _\2 \2/p' \> conftest.nm
configure:6248: $? = 0
configure:6300: cc -o conftest -g -O2   conftest.c conftstm.o >&5
configure:6303: $? = 0
configure:6342: result: ok
configure:6346: checking for objdir
configure:6363: result: .libs
configure:6461: checking for ar
configure:6482: found /usr/bin/ar
configure:6494: result: ar
configure:6565: checking for ranlib
configure:6586: found /usr/bin/ranlib
configure:6598: result: ranlib
configure:6669: checking for strip
configure:6690: found /usr/bin/strip
configure:6702: result: strip
configure:6965: checking for dsymutil
configure:6986: found /usr/bin/dsymutil
configure:6998: result: dsymutil
configure:7069: checking for nmedit
configure:7090: found /usr/bin/nmedit
configure:7102: result: nmedit
configure:7125: checking for -single_module linker flag
configure:7148: result: yes
configure:7150: checking for -exported_symbols_list linker flag
configure:7167: cc -o conftest -g -O2   -Wl,-exported_symbols_list,conftest.sym conftest.c  >&5
configure:7170: $? = 0
configure:7185: result: yes
configure:7305: checking if cc supports -fno-rtti -fno-exceptions
configure:7324: cc -c -g -O2  -fno-rtti -fno-exceptions conftest.c >&5
configure:7328: $? = 0
configure:7342: result: yes
configure:7357: checking for cc option to produce PIC
configure:7597: result: -fno-common
configure:7605: checking if cc PIC flag -fno-common works
configure:7624: cc -c -g -O2  -fno-common -DPIC conftest.c >&5
configure:7628: $? = 0
configure:7642: result: yes
configure:7670: checking if cc static flag -static works
configure:7700: result: no
configure:7710: checking if cc supports -c -o file.o
configure:7732: cc -c -g -O2  -o out/conftest2.o conftest.c >&5
configure:7736: $? = 0
configure:7759: result: yes
configure:7785: checking whether the cc linker (/Applications/Xcode.app/Contents/Developer/Toolchains/XcodeDefault.xctoolchain/usr/bin/ld) supports shared libraries
configure:8713: result: yes
configure:8780: checking dynamic linker characteristics
configure:9389: result: darwin25.1.0 dyld
configure:9417: checking how to hardcode library paths into programs
configure:9442: result: immediate
configure:9456: checking whether stripping libraries is possible
configure:9470: result: yes
configure:10024: checking if libtool supports shared libraries
configure:10026: result: yes
configure:10029: checking whether to build shared libraries
configure:10050: result: yes
configure:10053: checking whether to build static libraries
configure:10057: result: no
configure:10151: result:
creating libtool
configure:13795: result: 
configure:13797: result: [1mGenerating files[m
configure:13922: creating build directories
configure:13927: creating Makefile
configure:13943: patching config.h.in
configure:13954: creating ./config.status

## ---------------------- ##
## Running config.status. ##
## ---------------------- ##

This file was extended by config.status, which was
generated by GNU Autoconf 2.72.  Invocation command line was

  CONFIG_FILES    = 
  CONFIG_HEADERS  = 
  CONFIG_LINKS    = 
  CONFIG_COMMANDS = 
  $ ./config.status 

on Vivid-astral-2.local

config.status:672: creating config.h

## ---------------- ##
## Cache variables. ##
## ---------------- ##

ac_cv_build=aarch64-apple-darwin25.1.0
ac_cv_c_compiler_gnu=yes
ac_cv_env_CC_set=
ac_cv_env_CC_value=
ac_cv_env_CFLAGS_set=
ac_cv_env_CFLAGS_value=
ac_cv_env_CPPFLAGS_set=
ac_cv_env_CPPFLAGS_value=
ac_cv_env_CPP_set=
ac_cv_env_CPP_value=
ac_cv_env_LDFLAGS_set=
ac_cv_env_LDFLAGS_value=
ac_cv_env_LIBS_set=
ac_cv_env_LIBS_value=
ac_cv_env_PKG_CONFIG_LIBDIR_set=
ac_cv_env_PKG_CONFIG_LIBDIR_value=
ac_cv_env_PKG_CONFIG_PATH_set=
ac_cv_env_PKG_CONFIG_PATH_value=
ac_cv_env_PKG_CONFIG_set=
ac_cv_env_PKG_CONFIG_value=
ac_cv_env_build_alias_set=
ac_cv_env_build_alias_value=
ac_cv_env_host_alias_set=
ac_cv_env_host_alias_value=
ac_cv_env_target_alias_set=
ac_cv_env_target_alias_value=
ac_cv_header_dlfcn_h=yes
ac_cv_header_inttypes_h=yes
ac_cv_header_stdint_h=yes
ac_cv_header_stdio_h=yes
ac_cv_header_stdlib_h=yes
ac_cv_header_string_h=yes
ac_cv_header_strings_h=yes
ac_cv_header_sys_stat_h=yes
ac_cv_header_sys_types_h=yes
ac_cv_header_unistd_h=yes
ac_cv_host=aarch64-apple-darwin25.1.0
ac_cv_objext=o
ac_cv_path_EGREP='/usr/bin/grep -E'
ac_cv_path_EGREP_TRADITIONAL='/usr/bin/grep -E'
ac_cv_path_GREP=/usr/bin/grep
ac_cv_path_SED=/usr/bin/sed
ac_cv_prog_AWK=awk
ac_cv_prog_CPP='cc -E'
ac_cv_prog_ac_ct_AR=ar
ac_cv_prog_ac_ct_CC=cc
ac_cv_prog_ac_ct_DSYMUTIL=dsymutil
ac_cv_prog_ac_ct_NMEDIT=nmedit
ac_cv_prog_ac_ct_RANLIB=ranlib
ac_cv_prog_ac_ct_STRIP=strip
ac_cv_prog_cc_c11=
ac_cv_prog_cc_g=yes
ac_cv_prog_cc_stdc=
ac_cv_target=aarch64-apple-darwin25.1.0
lt_cv_apple_cc_single_mod=yes
lt_cv_deplibs_check_method=pass_all
lt_cv_file_magic_cmd='$MAGIC_CMD'
lt_cv_file_magic_test_file=
lt_cv_ld_exported_symbols_list=yes
lt_cv_ld_reload_flag=-r
lt_cv_objdir=.libs
lt_cv_path_LD=/Applications/Xcode.app/Contents/Developer/Toolchains/XcodeDefault.xctoolchain/usr/bin/ld
lt_cv_path_NM='/usr/bin/nm -B'
lt_cv_path_SED=/usr/bin/sed
lt_cv_prog_compiler_c_o=yes
lt_cv_prog_compiler_pic_works=yes
lt_cv_prog_compiler_rtti_exceptions=yes
lt_cv_prog_compiler_static_works=no
lt_cv_prog_gnu_ld=no
lt_cv_sys_global_symbol_pipe='sed -n -e '\''s/^.*[ 	]\([ABCDGIRSTW][ABCDGIRSTW]*\)[ 	][ 	]*_\([_A-Za-z][_A-Za-z0-9]*\)$/\1 _\2 \2/p'\'''
lt_cv_sys_global_symbol_to_c_name_address='sed -n -e '\''s/^: \([^ ]*\) $/  {\"\1\", (lt_ptr) 0},/p'\'' -e '\''s/^[BCDEGRST] \([^ ]*\) \([^ ]*\)$/  {"\2", (lt_ptr) \&\2},/p'\'''
lt_cv_sys_global_symbol_to_cdecl='sed -n -e '\''s/^. .* \(.*\)$/extern int \1;/p'\'''
lt_cv_sys_lib_dlsearch_path_spec='/usr/local/lib /lib /usr/lib'
lt_cv_sys_lib_search_path_spec='/Applications/Xcode.app/Contents/Developer/Toolchains/XcodeDefault.xctoolchain/usr/lib/clang/17 /usr/local/lib'
lt_cv_sys_max_cmd_len=786432
lt_lt_cv_prog_compiler_c_o='"yes"'
lt_lt_cv_sys_global_symbol_pipe='"sed -n -e '\''s/^.*[ 	]\\([ABCDGIRSTW][ABCDGIRSTW]*\\)[ 	][ 	]*_\\([_A-Za-z][_A-Za-z0-9]*\\)\$/\\1 _\\2 \\2/p'\''"'
lt_lt_cv_sys_global_symbol_to_c_name_address='"sed -n -e '\''s/^: \\([^ ]*\\) \$/  {\\\"\\1\\\", (lt_ptr) 0},/p'\'' -e '\''s/^[BCDEGRST] \\([^ ]*\\) \\([^ ]*\\)\$/  {\"\\2\", (lt_ptr) \\&\\2},/p'\''"'
lt_lt_cv_sys_global_symbol_to_cdecl='"sed -n -e '\''s/^. .* \\(.*\\)\$/extern int \\1;/p'\''"'
php_cv_cc_rpath=yes

## ----------------- ##
## Output variables. ##
## ----------------- ##

AR='ar'
AWK='awk'
BUILD_CC='cc'
CC='cc'
CFLAGS='-g -O2'
CONFIGURE_COMMAND=' '\''./configure'\''  '\''--enable-qail'\'''
CONFIGURE_OPTIONS=' '\''--enable-qail'\'''
CPP='cc -E'
CPPFLAGS=' -DHAVE_CONFIG_H'
DEFS='-DHAVE_CONFIG_H'
DSYMUTIL='dsymutil'
ECHO='/bin/echo'
ECHO_C='\c'
ECHO_N=''
ECHO_T=''
EGREP='/usr/bin/grep -E'
EXEEXT=''
GREP='/usr/bin/grep'
LDFLAGS=''
LIBOBJS=''
LIBS=''
LIBTOOL='$(SHELL) $(top_builddir)/libtool'
LN_S='ln -s'
LTLIBOBJS=''
NMEDIT='nmedit'
OBJEXT='o'
PACKAGE_BUGREPORT=''
PACKAGE_NAME=''
PACKAGE_STRING=''
PACKAGE_TARNAME=''
PACKAGE_URL=''
PACKAGE_VERSION=''
PATH_SEPARATOR=':'
PKG_CONFIG=''
PKG_CONFIG_LIBDIR=''
PKG_CONFIG_PATH=''
RANLIB='ranlib'
SED='/usr/bin/sed'
SHELL='/bin/sh'
SHLIB_DL_SUFFIX_NAME='so'
SHLIB_SUFFIX_NAME='dylib'
STRIP='strip'
ac_ct_CC='cc'
bindir='${exec_prefix}/bin'
build='aarch64-apple-darwin25.1.0'
build_alias=''
build_cpu='aarch64'
build_os='darwin25.1.0'
build_vendor='apple'
datadir='${datarootdir}'
datarootdir='${prefix}/share'
docdir='${datarootdir}/doc/${PACKAGE}'
dvidir='${docdir}'
exec_prefix='$(prefix)'
host='aarch64-apple-darwin25.1.0'
host_alias='aarch64-apple-darwin25.1.0'
host_cpu='aarch64'
host_os='darwin25.1.0'
host_vendor='apple'
htmldir='${docdir}'
includedir='${prefix}/include'
infodir='${datarootdir}/info'
libdir='${exec_prefix}/lib'
libexecdir='${exec_prefix}/libexec'
localedir='${datarootdir}/locale'
localstatedir='${prefix}/var'
mandir='${datarootdir}/man'
oldincludedir='/usr/include'
pdfdir='${docdir}'
prefix='/opt/homebrew/Cellar/php/8.4.14_1'
program_transform_name='s,x,x,'
psdir='${docdir}'
runstatedir='${localstatedir}/run'
sbindir='${exec_prefix}/sbin'
sharedstatedir='${prefix}/com'
sysconfdir='${prefix}/etc'
target='aarch64-apple-darwin25.1.0'
target_alias=''
target_cpu='aarch64'
target_os='darwin25.1.0'
target_vendor='apple'

## ----------- ##
## confdefs.h. ##
## ----------- ##

/* confdefs.h */
#define PACKAGE_NAME ""
#define PACKAGE_TARNAME ""
#define PACKAGE_VERSION ""
#define PACKAGE_STRING ""
#define PACKAGE_BUGREPORT ""
#define PACKAGE_URL ""
#define COMPILE_DL_QAIL 1
#define HAVE_STDIO_H 1
#define HAVE_STDLIB_H 1
#define HAVE_STRING_H 1
#define HAVE_INTTYPES_H 1
#define HAVE_STDINT_H 1
#define HAVE_STRINGS_H 1
#define HAVE_SYS_STAT_H 1
#define HAVE_SYS_TYPES_H 1
#define HAVE_UNISTD_H 1
#define STDC_HEADERS 1
#define HAVE_DLFCN_H 1

configure: exit 0
